<?xml version="1.0" encoding="UTF-8"?>
<testsuite xmlns:xsi="http://www.w3.org/2001/XMLSchema-instance" xsi:noNamespaceSchemaLocation="https://maven.apache.org/surefire/maven-surefire-plugin/xsd/surefire-test-report-3.0.xsd" version="3.0" name="TestSuite" time="55.815" tests="3" errors="0" skipped="0" failures="0">
  <properties>
    <property name="java.specification.version" value="14"/>
    <property name="webdriver.chrome.driver" value="./Drivers\chromedriver.exe"/>
    <property name="sun.cpu.isalist" value="amd64"/>
    <property name="sun.jnu.encoding" value="Cp1252"/>
    <property name="java.class.path" value="C:\Users\v.madapate\eclipse-workspace\NewProjectFramework\inetBankingV1\target\test-classes;C:\Users\v.madapate\eclipse-workspace\NewProjectFramework\inetBankingV1\target\classes;C:\Users\v.madapate\.m2\repository\junit\junit\3.8.1\junit-3.8.1.jar;C:\Users\v.madapate\.m2\repository\org\seleniumhq\selenium\selenium-java\3.141.59\selenium-java-3.141.59.jar;C:\Users\v.madapate\.m2\repository\org\seleniumhq\selenium\selenium-api\3.141.59\selenium-api-3.141.59.jar;C:\Users\v.madapate\.m2\repository\org\seleniumhq\selenium\selenium-chrome-driver\3.141.59\selenium-chrome-driver-3.141.59.jar;C:\Users\v.madapate\.m2\repository\org\seleniumhq\selenium\selenium-edge-driver\3.141.59\selenium-edge-driver-3.141.59.jar;C:\Users\v.madapate\.m2\repository\org\seleniumhq\selenium\selenium-firefox-driver\3.141.59\selenium-firefox-driver-3.141.59.jar;C:\Users\v.madapate\.m2\repository\org\seleniumhq\selenium\selenium-ie-driver\3.141.59\selenium-ie-driver-3.141.59.jar;C:\Users\v.madapate\.m2\repository\org\seleniumhq\selenium\selenium-opera-driver\3.141.59\selenium-opera-driver-3.141.59.jar;C:\Users\v.madapate\.m2\repository\org\seleniumhq\selenium\selenium-remote-driver\3.141.59\selenium-remote-driver-3.141.59.jar;C:\Users\v.madapate\.m2\repository\org\seleniumhq\selenium\selenium-safari-driver\3.141.59\selenium-safari-driver-3.141.59.jar;C:\Users\v.madapate\.m2\repository\org\seleniumhq\selenium\selenium-support\3.141.59\selenium-support-3.141.59.jar;C:\Users\v.madapate\.m2\repository\net\bytebuddy\byte-buddy\1.8.15\byte-buddy-1.8.15.jar;C:\Users\v.madapate\.m2\repository\org\apache\commons\commons-exec\1.3\commons-exec-1.3.jar;C:\Users\v.madapate\.m2\repository\com\google\guava\guava\25.0-jre\guava-25.0-jre.jar;C:\Users\v.madapate\.m2\repository\com\google\code\findbugs\jsr305\1.3.9\jsr305-1.3.9.jar;C:\Users\v.madapate\.m2\repository\org\checkerframework\checker-compat-qual\2.0.0\checker-compat-qual-2.0.0.jar;C:\Users\v.madapate\.m2\repository\com\google\errorprone\error_prone_annotations\2.1.3\error_prone_annotations-2.1.3.jar;C:\Users\v.madapate\.m2\repository\com\google\j2objc\j2objc-annotations\1.1\j2objc-annotations-1.1.jar;C:\Users\v.madapate\.m2\repository\org\codehaus\mojo\animal-sniffer-annotations\1.14\animal-sniffer-annotations-1.14.jar;C:\Users\v.madapate\.m2\repository\com\squareup\okhttp3\okhttp\3.11.0\okhttp-3.11.0.jar;C:\Users\v.madapate\.m2\repository\com\squareup\okio\okio\1.14.0\okio-1.14.0.jar;C:\Users\v.madapate\.m2\repository\org\testng\testng\6.14.3\testng-6.14.3.jar;C:\Users\v.madapate\.m2\repository\com\beust\jcommander\1.72\jcommander-1.72.jar;C:\Users\v.madapate\.m2\repository\org\apache-extras\beanshell\bsh\2.0b6\bsh-2.0b6.jar;C:\Users\v.madapate\.m2\repository\org\apache\poi\poi\3.17\poi-3.17.jar;C:\Users\v.madapate\.m2\repository\commons-codec\commons-codec\1.10\commons-codec-1.10.jar;C:\Users\v.madapate\.m2\repository\org\apache\commons\commons-collections4\4.1\commons-collections4-4.1.jar;C:\Users\v.madapate\.m2\repository\org\apache\poi\poi-ooxml\3.17\poi-ooxml-3.17.jar;C:\Users\v.madapate\.m2\repository\org\apache\poi\poi-ooxml-schemas\3.17\poi-ooxml-schemas-3.17.jar;C:\Users\v.madapate\.m2\repository\org\apache\xmlbeans\xmlbeans\2.6.0\xmlbeans-2.6.0.jar;C:\Users\v.madapate\.m2\repository\stax\stax-api\1.0.1\stax-api-1.0.1.jar;C:\Users\v.madapate\.m2\repository\com\github\virtuald\curvesapi\1.04\curvesapi-1.04.jar;C:\Users\v.madapate\.m2\repository\com\aventstack\extentreports\3.1.2\extentreports-3.1.2.jar;C:\Users\v.madapate\.m2\repository\org\freemarker\freemarker\2.3.23\freemarker-2.3.23.jar;C:\Users\v.madapate\.m2\repository\org\mongodb\mongodb-driver\3.3.0\mongodb-driver-3.3.0.jar;C:\Users\v.madapate\.m2\repository\org\mongodb\bson\3.3.0\bson-3.3.0.jar;C:\Users\v.madapate\.m2\repository\org\mongodb\mongodb-driver-core\3.3.0\mongodb-driver-core-3.3.0.jar;C:\Users\v.madapate\.m2\repository\org\apache\httpcomponents\httpclient\4.5.2\httpclient-4.5.2.jar;C:\Users\v.madapate\.m2\repository\org\apache\httpcomponents\httpcore\4.4.4\httpcore-4.4.4.jar;C:\Users\v.madapate\.m2\repository\org\apache\httpcomponents\httpmime\4.5.2\httpmime-4.5.2.jar;C:\Users\v.madapate\.m2\repository\org\jsoup\jsoup\1.9.2\jsoup-1.9.2.jar;C:\Users\v.madapate\.m2\repository\com\google\code\gson\gson\2.8.0\gson-2.8.0.jar;C:\Users\v.madapate\.m2\repository\log4j\log4j\1.2.17\log4j-1.2.17.jar;C:\Users\v.madapate\.m2\repository\org\apache\commons\commons-lang3\3.9\commons-lang3-3.9.jar;C:\Users\v.madapate\.m2\repository\commons-io\commons-io\2.6\commons-io-2.6.jar;C:\Users\v.madapate\.m2\repository\org\sikuli\sikuli-api\1.2.0\sikuli-api-1.2.0.jar;C:\Users\v.madapate\.m2\repository\org\sikuli\sikuli-core\1.2.2\sikuli-core-1.2.2.jar;C:\Users\v.madapate\.m2\repository\org\bytedeco\javacpp\0.9\javacpp-0.9.jar;C:\Users\v.madapate\.m2\repository\org\bytedeco\javacpp-presets\opencv\2.4.9-0.9\opencv-2.4.9-0.9.jar;C:\Users\v.madapate\.m2\repository\org\piccolo2d\piccolo2d-extras\1.3.1\piccolo2d-extras-1.3.1.jar;C:\Users\v.madapate\.m2\repository\org\piccolo2d\piccolo2d-core\1.3.1\piccolo2d-core-1.3.1.jar;C:\Users\v.madapate\.m2\repository\org\slf4j\slf4j-api\1.6.6\slf4j-api-1.6.6.jar;C:\Users\v.madapate\eclipse-workspace\NewProjectFramework\inetBankingV1\Reports\ojdbc6.jar;C:\Users\v.madapate\.m2\repository\com\relevantcodes\extentreports\2.41.2\extentreports-2.41.2.jar;C:\Users\v.madapate\.m2\repository\org\xerial\sqlite-jdbc\3.8.11.1\sqlite-jdbc-3.8.11.1.jar;C:\Users\v.madapate\.m2\repository\org\slf4j\slf4j-log4j12\1.6.5\slf4j-log4j12-1.6.5.jar;C:\Users\v.madapate\.m2\repository\org\apache\logging\log4j\log4j-core\2.3\log4j-core-2.3.jar;C:\Users\v.madapate\.m2\repository\org\apache\logging\log4j\log4j-api\2.3\log4j-api-2.3.jar;C:\Users\v.madapate\.m2\repository\commons-logging\commons-logging\1.1.1\commons-logging-1.1.1.jar;"/>
    <property name="java.vm.vendor" value="Oracle Corporation"/>
    <property name="sun.arch.data.model" value="64"/>
    <property name="user.variant" value=""/>
    <property name="java.vendor.url" value="https://java.oracle.com/"/>
    <property name="user.timezone" value="Asia/Calcutta"/>
    <property name="os.name" value="Windows 10"/>
    <property name="java.vm.specification.version" value="14"/>
    <property name="sun.java.launcher" value="SUN_STANDARD"/>
    <property name="user.country" value="IN"/>
    <property name="sun.boot.library.path" value="C:\Program Files\Java\jdk-14.0.1\bin"/>
    <property name="sun.java.command" value="C:\Users\v.madapate\AppData\Local\Temp\surefire1025030870803074067\surefirebooter14688810054016461728.jar C:\Users\v.madapate\AppData\Local\Temp\surefire1025030870803074067 2020-07-23T18-55-37_482-jvmRun1 surefire4546175888798294895tmp surefire_016033083838872667033tmp"/>
    <property name="jdk.debug" value="release"/>
    <property name="surefire.test.class.path" value="C:\Users\v.madapate\eclipse-workspace\NewProjectFramework\inetBankingV1\target\test-classes;C:\Users\v.madapate\eclipse-workspace\NewProjectFramework\inetBankingV1\target\classes;C:\Users\v.madapate\.m2\repository\junit\junit\3.8.1\junit-3.8.1.jar;C:\Users\v.madapate\.m2\repository\org\seleniumhq\selenium\selenium-java\3.141.59\selenium-java-3.141.59.jar;C:\Users\v.madapate\.m2\repository\org\seleniumhq\selenium\selenium-api\3.141.59\selenium-api-3.141.59.jar;C:\Users\v.madapate\.m2\repository\org\seleniumhq\selenium\selenium-chrome-driver\3.141.59\selenium-chrome-driver-3.141.59.jar;C:\Users\v.madapate\.m2\repository\org\seleniumhq\selenium\selenium-edge-driver\3.141.59\selenium-edge-driver-3.141.59.jar;C:\Users\v.madapate\.m2\repository\org\seleniumhq\selenium\selenium-firefox-driver\3.141.59\selenium-firefox-driver-3.141.59.jar;C:\Users\v.madapate\.m2\repository\org\seleniumhq\selenium\selenium-ie-driver\3.141.59\selenium-ie-driver-3.141.59.jar;C:\Users\v.madapate\.m2\repository\org\seleniumhq\selenium\selenium-opera-driver\3.141.59\selenium-opera-driver-3.141.59.jar;C:\Users\v.madapate\.m2\repository\org\seleniumhq\selenium\selenium-remote-driver\3.141.59\selenium-remote-driver-3.141.59.jar;C:\Users\v.madapate\.m2\repository\org\seleniumhq\selenium\selenium-safari-driver\3.141.59\selenium-safari-driver-3.141.59.jar;C:\Users\v.madapate\.m2\repository\org\seleniumhq\selenium\selenium-support\3.141.59\selenium-support-3.141.59.jar;C:\Users\v.madapate\.m2\repository\net\bytebuddy\byte-buddy\1.8.15\byte-buddy-1.8.15.jar;C:\Users\v.madapate\.m2\repository\org\apache\commons\commons-exec\1.3\commons-exec-1.3.jar;C:\Users\v.madapate\.m2\repository\com\google\guava\guava\25.0-jre\guava-25.0-jre.jar;C:\Users\v.madapate\.m2\repository\com\google\code\findbugs\jsr305\1.3.9\jsr305-1.3.9.jar;C:\Users\v.madapate\.m2\repository\org\checkerframework\checker-compat-qual\2.0.0\checker-compat-qual-2.0.0.jar;C:\Users\v.madapate\.m2\repository\com\google\errorprone\error_prone_annotations\2.1.3\error_prone_annotations-2.1.3.jar;C:\Users\v.madapate\.m2\repository\com\google\j2objc\j2objc-annotations\1.1\j2objc-annotations-1.1.jar;C:\Users\v.madapate\.m2\repository\org\codehaus\mojo\animal-sniffer-annotations\1.14\animal-sniffer-annotations-1.14.jar;C:\Users\v.madapate\.m2\repository\com\squareup\okhttp3\okhttp\3.11.0\okhttp-3.11.0.jar;C:\Users\v.madapate\.m2\repository\com\squareup\okio\okio\1.14.0\okio-1.14.0.jar;C:\Users\v.madapate\.m2\repository\org\testng\testng\6.14.3\testng-6.14.3.jar;C:\Users\v.madapate\.m2\repository\com\beust\jcommander\1.72\jcommander-1.72.jar;C:\Users\v.madapate\.m2\repository\org\apache-extras\beanshell\bsh\2.0b6\bsh-2.0b6.jar;C:\Users\v.madapate\.m2\repository\org\apache\poi\poi\3.17\poi-3.17.jar;C:\Users\v.madapate\.m2\repository\commons-codec\commons-codec\1.10\commons-codec-1.10.jar;C:\Users\v.madapate\.m2\repository\org\apache\commons\commons-collections4\4.1\commons-collections4-4.1.jar;C:\Users\v.madapate\.m2\repository\org\apache\poi\poi-ooxml\3.17\poi-ooxml-3.17.jar;C:\Users\v.madapate\.m2\repository\org\apache\poi\poi-ooxml-schemas\3.17\poi-ooxml-schemas-3.17.jar;C:\Users\v.madapate\.m2\repository\org\apache\xmlbeans\xmlbeans\2.6.0\xmlbeans-2.6.0.jar;C:\Users\v.madapate\.m2\repository\stax\stax-api\1.0.1\stax-api-1.0.1.jar;C:\Users\v.madapate\.m2\repository\com\github\virtuald\curvesapi\1.04\curvesapi-1.04.jar;C:\Users\v.madapate\.m2\repository\com\aventstack\extentreports\3.1.2\extentreports-3.1.2.jar;C:\Users\v.madapate\.m2\repository\org\freemarker\freemarker\2.3.23\freemarker-2.3.23.jar;C:\Users\v.madapate\.m2\repository\org\mongodb\mongodb-driver\3.3.0\mongodb-driver-3.3.0.jar;C:\Users\v.madapate\.m2\repository\org\mongodb\bson\3.3.0\bson-3.3.0.jar;C:\Users\v.madapate\.m2\repository\org\mongodb\mongodb-driver-core\3.3.0\mongodb-driver-core-3.3.0.jar;C:\Users\v.madapate\.m2\repository\org\apache\httpcomponents\httpclient\4.5.2\httpclient-4.5.2.jar;C:\Users\v.madapate\.m2\repository\org\apache\httpcomponents\httpcore\4.4.4\httpcore-4.4.4.jar;C:\Users\v.madapate\.m2\repository\org\apache\httpcomponents\httpmime\4.5.2\httpmime-4.5.2.jar;C:\Users\v.madapate\.m2\repository\org\jsoup\jsoup\1.9.2\jsoup-1.9.2.jar;C:\Users\v.madapate\.m2\repository\com\google\code\gson\gson\2.8.0\gson-2.8.0.jar;C:\Users\v.madapate\.m2\repository\log4j\log4j\1.2.17\log4j-1.2.17.jar;C:\Users\v.madapate\.m2\repository\org\apache\commons\commons-lang3\3.9\commons-lang3-3.9.jar;C:\Users\v.madapate\.m2\repository\commons-io\commons-io\2.6\commons-io-2.6.jar;C:\Users\v.madapate\.m2\repository\org\sikuli\sikuli-api\1.2.0\sikuli-api-1.2.0.jar;C:\Users\v.madapate\.m2\repository\org\sikuli\sikuli-core\1.2.2\sikuli-core-1.2.2.jar;C:\Users\v.madapate\.m2\repository\org\bytedeco\javacpp\0.9\javacpp-0.9.jar;C:\Users\v.madapate\.m2\repository\org\bytedeco\javacpp-presets\opencv\2.4.9-0.9\opencv-2.4.9-0.9.jar;C:\Users\v.madapate\.m2\repository\org\piccolo2d\piccolo2d-extras\1.3.1\piccolo2d-extras-1.3.1.jar;C:\Users\v.madapate\.m2\repository\org\piccolo2d\piccolo2d-core\1.3.1\piccolo2d-core-1.3.1.jar;C:\Users\v.madapate\.m2\repository\org\slf4j\slf4j-api\1.6.6\slf4j-api-1.6.6.jar;C:\Users\v.madapate\eclipse-workspace\NewProjectFramework\inetBankingV1\Reports\ojdbc6.jar;C:\Users\v.madapate\.m2\repository\com\relevantcodes\extentreports\2.41.2\extentreports-2.41.2.jar;C:\Users\v.madapate\.m2\repository\org\xerial\sqlite-jdbc\3.8.11.1\sqlite-jdbc-3.8.11.1.jar;C:\Users\v.madapate\.m2\repository\org\slf4j\slf4j-log4j12\1.6.5\slf4j-log4j12-1.6.5.jar;C:\Users\v.madapate\.m2\repository\org\apache\logging\log4j\log4j-core\2.3\log4j-core-2.3.jar;C:\Users\v.madapate\.m2\repository\org\apache\logging\log4j\log4j-api\2.3\log4j-api-2.3.jar;C:\Users\v.madapate\.m2\repository\commons-logging\commons-logging\1.1.1\commons-logging-1.1.1.jar;"/>
    <property name="sun.cpu.endian" value="little"/>
    <property name="user.home" value="C:\Users\v.madapate"/>
    <property name="user.language" value="en"/>
    <property name="java.specification.vendor" value="Oracle Corporation"/>
    <property name="java.version.date" value="2020-04-14"/>
    <property name="java.home" value="C:\Program Files\Java\jdk-14.0.1"/>
    <property name="file.separator" value="\"/>
    <property name="basedir" value="C:\Users\v.madapate\eclipse-workspace\NewProjectFramework\inetBankingV1"/>
    <property name="java.vm.compressedOopsMode" value="Zero based"/>
    <property name="line.separator" value="&#10;"/>
    <property name="java.vm.specification.vendor" value="Oracle Corporation"/>
    <property name="java.specification.name" value="Java Platform API Specification"/>
    <property name="surefire.real.class.path" value="C:\Users\v.madapate\AppData\Local\Temp\surefire1025030870803074067\surefirebooter14688810054016461728.jar"/>
    <property name="user.script" value=""/>
    <property name="sun.management.compiler" value="HotSpot 64-Bit Tiered Compilers"/>
    <property name="java.runtime.version" value="14.0.1+7"/>
    <property name="user.name" value="v.madapate"/>
    <property name="path.separator" value=";"/>
    <property name="os.version" value="10.0"/>
    <property name="java.runtime.name" value="Java(TM) SE Runtime Environment"/>
    <property name="file.encoding" value="Cp1252"/>
    <property name="java.vm.name" value="Java HotSpot(TM) 64-Bit Server VM"/>
    <property name="localRepository" value="C:\Users\v.madapate\.m2\repository"/>
    <property name="java.vendor.url.bug" value="https://bugreport.java.com/bugreport/"/>
    <property name="java.io.tmpdir" value="C:\Users\VBACE~1.MAD\AppData\Local\Temp\"/>
    <property name="java.version" value="14.0.1"/>
    <property name="user.dir" value="C:\Users\v.madapate\eclipse-workspace\NewProjectFramework\inetBankingV1"/>
    <property name="os.arch" value="amd64"/>
    <property name="java.vm.specification.name" value="Java Virtual Machine Specification"/>
    <property name="sun.os.patch.level" value=""/>
    <property name="java.library.path" value="C:\Program Files\Java\jdk-14.0.1\bin;C:\WINDOWS\Sun\Java\bin;C:\WINDOWS\system32;C:\WINDOWS;C:\apache-maven-3.6.3/bin;C:\Program Files\Java\jdk-14.0.1/bin;C:\Program Files\Java\jdk-14.0.1/bin;D:\oracle\product\10.2.0\db_1\bin;C:\Program Files (x86)\Common Files\Oracle\Java\javapath;C:\Program Files (x86)\Intel\iCLS Client\;C:\Program Files\Intel\iCLS Client\;C:\WINDOWS\system32;C:\WINDOWS;C:\WINDOWS\System32\Wbem;C:\WINDOWS\System32\WindowsPowerShell\v1.0\;C:\Program Files (x86)\Intel\Intel(R) Management Engine Components\DAL;C:\Program Files\Intel\Intel(R) Management Engine Components\DAL;C:\Program Files (x86)\Intel\Intel(R) Management Engine Components\IPT;C:\Program Files\Intel\Intel(R) Management Engine Components\IPT;c:\Program Files (x86)\ATI Technologies\ATI.ACE\Core-Static;C:\Program Files\Intel\WiFi\bin\;C:\Program Files\Common Files\Intel\WirelessCommon\;C:\WINDOWS\System32\OpenSSH\;C:\Program Files\Java\jdk-14.0.1\bin;C:\Program Files\Java\jre1.8.0_241\bin;C:\apache-maven-3.6.3\bin;C:\Program Files\MySQL\MySQL Shell 8.0\bin\;C:\Users\v.madapate\AppData\Local\Microsoft\WindowsApps;;."/>
    <property name="java.vm.info" value="mixed mode, sharing"/>
    <property name="java.vendor" value="Oracle Corporation"/>
    <property name="java.vm.version" value="14.0.1+7"/>
    <property name="sun.io.unicode.encoding" value="UnicodeLittle"/>
    <property name="java.class.version" value="58.0"/>
  </properties>
  <testcase name="LoginTest" classname="com.inetBanking.TestCases.TC_LoginTest_001" time="3.829">
    <system-out><![CDATA[07-23-2020 18:55:53 TC_LoginTest_001.java INFO  [main] BaseClass 20 - URL is Opened
07-23-2020 18:55:54 TC_LoginTest_001.java INFO  [main] BaseClass 24 - Entered UserName
07-23-2020 18:55:55 TC_LoginTest_001.java INFO  [main] BaseClass 26 - Entered Password
07-23-2020 18:55:57 TC_LoginTest_001.java INFO  [main] BaseClass 37 - Login Test PASS
]]></system-out>
    <system-err><![CDATA[log4j:ERROR Could not find value for key log4j.appender.CONSOLE
log4j:ERROR Could not instantiate appender named "CONSOLE".
Starting ChromeDriver 83.0.4103.39 (ccbf011cb2d2b19b506d844400483861342c20cd-refs/branch-heads/4103@{#416}) on port 32298
Only local connections are allowed.
Please see https://chromedriver.chromium.org/security-considerations for suggestions on keeping ChromeDriver safe.
ChromeDriver was started successfully.
[1595510747.629][WARNING]: This version of ChromeDriver has not been tested with Chrome version 84.
Jul 23, 2020 6:55:50 PM org.openqa.selenium.remote.ProtocolHandshake createSession
INFO: Detected dialect: W3C
log4j:ERROR Could not find value for key log4j.appender.CONSOLE
log4j:ERROR Could not instantiate appender named "CONSOLE".
]]></system-err>
  </testcase>
  <testcase name="addNewCustomer" classname="com.inetBanking.TestCases.TC_AddNewCustomerTest_003" time="25.472">
    <system-out><![CDATA[07-23-2020 18:56:09 TC_AddNewCustomerTest_003.java INFO  [main] BaseClass 18 - Entered UserName
07-23-2020 18:56:09 TC_AddNewCustomerTest_003.java INFO  [main] BaseClass 20 - Entered Password
07-23-2020 18:56:11 TC_AddNewCustomerTest_003.java INFO  [main] BaseClass 24 - Ading Customer details
07-23-2020 18:56:31 TC_AddNewCustomerTest_003.java INFO  [main] BaseClass 41 - Successfully Added Customer Details
07-23-2020 18:56:34 TC_AddNewCustomerTest_003.java INFO  [main] BaseClass 46 - Login Test Add Customer details PASS
]]></system-out>
    <system-err><![CDATA[Starting ChromeDriver 83.0.4103.39 (ccbf011cb2d2b19b506d844400483861342c20cd-refs/branch-heads/4103@{#416}) on port 1993
Only local connections are allowed.
Please see https://chromedriver.chromium.org/security-considerations for suggestions on keeping ChromeDriver safe.
ChromeDriver was started successfully.
[1595510763.103][WARNING]: This version of ChromeDriver has not been tested with Chrome version 84.
Jul 23, 2020 6:56:05 PM org.openqa.selenium.remote.ProtocolHandshake createSession
INFO: Detected dialect: W3C
log4j:ERROR Could not find value for key log4j.appender.CONSOLE
log4j:ERROR Could not instantiate appender named "CONSOLE".
]]></system-err>
  </testcase>
  <testcase name="test" classname="com.inetBanking.TestCases.TC_DataBaseTesting_004" time="0.042">
    <system-out><![CDATA[07-23-2020 18:56:36 TC_DataBaseTesting_004.java INFO  [main] TC_DataBaseTesting_004 46 - Oracle Connection is Established
07-23-2020 18:56:36 TC_DataBaseTesting_004.java INFO  [main] TC_DataBaseTesting_004 47 - Data is retrived from DB
7369  SMITH
7499  ALLEN
7521  WARD
7566  JONES
7654  MARTIN
7698  VENKATA
7782  CLARK
7788  SCOTT
7839  KING
7844  TURNER
7876  ADAMS
7900  JAMES
7902  FORD
7934  MILLER
]]></system-out>
  </testcase>
</testsuite>