<?xml version="1.0" encoding="UTF-8"?>
<!-- Generated by org.testng.reporters.JUnitReportReporter -->
<testsuite skipped="0" hostname="INDIA-VenkataM" name="com.inetBanking.TestCases.TC_AddNewCustomerTest_003" tests="1" failures="0" timestamp="23 Jul 2020 13:24:21 GMT" time="24.632" errors="0">
  <testcase name="addNewCustomer" time="24.632" classname="com.inetBanking.TestCases.TC_AddNewCustomerTest_003"/>
</testsuite> <!-- com.inetBanking.TestCases.TC_AddNewCustomerTest_003 -->
