<?xml version="1.0" encoding="UTF-8"?>
<!-- Generated by org.testng.reporters.JUnitReportReporter -->
<testsuite skipped="0" hostname="INDIA-VenkataM" name="com.inetBanking.Utilities.Reporting" tests="1" failures="0" timestamp="18 Jul 2020 07:06:23 GMT" time="0.804" errors="0">
  <testcase name="loginTest" time="0.804" classname="com.inetBanking.Utilities.Reporting"/>
</testsuite> <!-- com.inetBanking.Utilities.Reporting -->
