<?xml version="1.0" encoding="UTF-8"?>
<!-- Generated by org.testng.reporters.JUnitReportReporter -->
<testsuite hostname="INDIA-VenkataM" failures="0" tests="1" name="com.inetBanking.TestCases.TC_DataBaseTesting_004" time="0.040" errors="0" timestamp="23 Jul 2020 13:26:37 GMT" skipped="0">
  <testcase classname="com.inetBanking.TestCases.TC_DataBaseTesting_004" name="test" time="0.040"/>
</testsuite> <!-- com.inetBanking.TestCases.TC_DataBaseTesting_004 -->
