<?xml version="1.0" encoding="UTF-8"?>
<!-- Generated by org.testng.reporters.JUnitReportReporter -->
<testsuite hostname="INDIA-VenkataM" failures="0" tests="1" name="com.inetBanking.TestCases.TC_LoginTest_001" time="3.854" errors="0" timestamp="23 Jul 2020 13:26:37 GMT" skipped="0">
  <testcase classname="com.inetBanking.TestCases.TC_LoginTest_001" name="LoginTest" time="3.854"/>
</testsuite> <!-- com.inetBanking.TestCases.TC_LoginTest_001 -->
